build/app/outputs/mapping/release/seeds.txt
com.google.common.util.concurrent.AbstractFuture: java.lang.Object value
io.flutter.embedding.engine.systemchannels.PlatformChannel$HapticFeedbackType: io.flutter.embedding.engine.systemchannels.PlatformChannel$HapticFeedbackType[] values()
com.google.android.gms.internal.measurement.zzil: com.google.android.gms.internal.measurement.zzil[] values()
com.google.android.gms.internal.firebase-auth-api.zzgh
com.google.firebase.auth.FirebaseAuth: com.google.firebase.auth.FirebaseAuth getInstance()
com.google.android.gms.internal.firebase-auth-api.zzia: com.google.android.gms.internal.firebase-auth-api.zzho zzb
io.flutter.embedding.android.FlutterSurfaceView: io.flutter.embedding.engine.renderer.FlutterRenderer getAttachedRenderer()
com.google.firestore.v1.Document: com.google.firestore.v1.Document DEFAULT_INSTANCE
io.flutter.plugins.firebaseanalytics.FlutterFirebaseAppRegistrar
io.flutter.embedding.engine.FlutterJNI: void setViewportMetrics(float,int,int,int,int,int,int,int,int,int,int,int,int,int,int)
io.flutter.embedding.android.FlutterTextureView
io.flutter.embedding.engine.FlutterJNI: java.lang.String observatoryUri
com.google.android.gms.measurement.internal.AppMeasurementDynamiteService: void onActivitySaveInstanceState(com.google.android.gms.dynamic.IObjectWrapper,com.google.android.gms.internal.measurement.zzw,long)
com.google.firebase.installations.remote.TokenResult$ResponseCode: com.google.firebase.installations.remote.TokenResult$ResponseCode[] values()
com.google.firebase.auth.FacebookAuthCredential: android.os.Parcelable$Creator CREATOR
com.google.firestore.v1.Document: int FIELDS_FIELD_NUMBER
com.google.android.gms.internal.measurement.zzca$zzc: java.lang.String zzd
com.google.firebase.firestore.proto.WriteBatch: int BASE_WRITES_FIELD_NUMBER
androidx.savedstate.Recreator
com.google.firestore.v1.TargetChange: com.google.firestore.v1.TargetChange DEFAULT_INSTANCE
androidx.core.app.RemoteActionCompatParcelizer
com.google.protobuf.GeneratedMessageLite: int memoizedSerializedSize
io.flutter.embedding.engine.FlutterJNI: void setAsyncWaitForVsyncDelegate(io.flutter.embedding.engine.FlutterJNI$AsyncWaitForVsyncDelegate)
com.google.firestore.v1.StructuredQuery$Filter: int filterTypeCase_
com.google.android.gms.internal.firebase-auth-api.zzgy
com.google.firebase.auth.internal.RecaptchaActivity: RecaptchaActivity()
com.google.android.gms.internal.measurement.zzbv$zza: com.google.android.gms.internal.measurement.zzig zze
com.google.android.gms.internal.measurement.zzbv$zzb: boolean zzj
io.flutter.plugins.firebaseanalytics.FlutterFirebaseAppRegistrar: FlutterFirebaseAppRegistrar()
com.google.android.gms.internal.firebase-auth-api.zzlo: android.os.Parcelable$Creator CREATOR
com.google.android.gms.internal.measurement.zzck$zzc: com.google.android.gms.internal.measurement.zzig zzd
io.flutter.embedding.engine.FlutterJNI: void loadDartDeferredLibrary(int,java.lang.String[])
io.grpc.okhttp.OkHttpFrameLogger$Direction: io.grpc.okhttp.OkHttpFrameLogger$Direction valueOf(java.lang.String)
com.google.firestore.v1.WriteRequest: int STREAM_ID_FIELD_NUMBER
com.google.firestore.v1.WriteResponse: int STREAM_TOKEN_FIELD_NUMBER
io.flutter.plugin.platform.SingleViewPresentation: io.flutter.plugin.platform.SingleViewPresentation$PresentationState detachState()
androidx.versionedparcelable.CustomVersionedParcelable
io.flutter.plugin.editing.TextInputPlugin$InputTarget$Type: io.flutter.plugin.editing.TextInputPlugin$InputTarget$Type[] values()
com.google.android.gms.auth.api.signin.internal.SignInHubActivity: SignInHubActivity()
io.flutter.plugins.firebase.firestore.FlutterFirebaseFirestoreRegistrar: java.util.List getComponents()
io.grpc.ChannelLogger$ChannelLogLevel: io.grpc.ChannelLogger$ChannelLogLevel valueOf(java.lang.String)
com.google.android.gms.internal.measurement.zzcd$zzh: com.google.android.gms.internal.measurement.zzjs zzg
com.google.firestore.v1.Value: int TIMESTAMP_VALUE_FIELD_NUMBER