build/app/outputs/mapping/release/mapping.txt
# compiler: R8
# compiler_version: 2.1.86
# min_api: 16
# pg_map_id: 312a01e
# common_typos_disable
...
com.google.firebase.firestore.local.MemoryIndexManager -> com.google.firebase.firestore.t0.d0:
    com.google.firebase.firestore.local.MemoryIndexManager$MemoryCollectionParentIndex collectionParentsIndex -> a
    java.util.List getCollectionParents(java.lang.String) -> a
    void addToCollectionParentIndex(com.google.firebase.firestore.model.ResourcePath) -> b
com.google.firebase.firestore.local.MemoryIndexManager$MemoryCollectionParentIndex -> com.google.firebase.firestore.t0.d0$a:
    java.util.HashMap index -> a
    boolean add(com.google.firebase.firestore.model.ResourcePath) -> a
    java.util.List getEntries(java.lang.String) -> b
com.google.firebase.firestore.local.MemoryMutationQueue -> com.google.firebase.firestore.t0.e0:
    java.util.List queue -> a
    com.google.firebase.firestore.local.MemoryPersistence persistence -> e
    com.google.protobuf.ByteString lastStreamToken -> d
    int nextBatchId -> c
    com.google.firebase.database.collection.ImmutableSortedSet batchesByDocumentKey -> b
    void start() -> a
    java.util.List getAllMutationBatchesAffectingDocumentKey(com.google.firebase.firestore.model.DocumentKey) -> b
    com.google.protobuf.ByteString getLastStreamToken() -> c
    void acknowledgeBatch(com.google.firebase.firestore.model.mutation.MutationBatch,com.google.protobuf.ByteString) -> d
    void performConsistencyCheck() -> e
    com.google.firebase.firestore.model.mutation.MutationBatch getNextMutationBatchAfterBatchId(int) -> f
    int getHighestUnacknowledgedBatchId() -> g
    java.util.List getAllMutationBatchesAffectingDocumentKeys(java.lang.Iterable) -> h
    com.google.firebase.firestore.model.mutation.MutationBatch addMutationBatch(com.google.firebase.Timestamp,java.util.List,java.util.List) -> i
    void setLastStreamToken(com.google.protobuf.ByteString) -> j
    java.util.List getAllMutationBatches() -> k
    com.google.firebase.firestore.model.mutation.MutationBatch lookupMutationBatch(int) -> l
    void removeMutationBatch(com.google.firebase.firestore.model.mutation.MutationBatch) -> m
com.google.firebase.firestore.local.MemoryPersistence -> com.google.firebase.firestore.t0.f0:
    com.google.firebase.firestore.local.MemoryIndexManager indexManager -> d
    java.util.Map mutationQueues -> c
    com.google.firebase.firestore.local.MemoryRemoteDocumentCache remoteDocumentCache -> f
    com.google.firebase.firestore.local.ReferenceDelegate referenceDelegate -> g
    boolean started -> h
    com.google.firebase.firestore.local.MemoryTargetCache targetCache -> e
    com.google.firebase.firestore.local.IndexManager getIndexManager() -> a
    com.google.firebase.firestore.local.MutationQueue getMutationQueue(com.google.firebase.firestore.auth.User) -> b
    com.google.firebase.firestore.local.ReferenceDelegate getReferenceDelegate() -> c
    com.google.firebase.firestore.local.RemoteDocumentCache getRemoteDocumentCache() -> d
    com.google.firebase.firestore.local.TargetCache getTargetCache() -> e
    boolean isStarted() -> f
    java.lang.Object runTransaction(java.lang.String,com.google.firebase.firestore.util.Supplier) -> g
    void runTransaction(java.lang.String,java.lang.Runnable) -> h
    void shutdown() -> i
    void start() -> j
    com.google.firebase.firestore.local.MemoryPersistence createEagerGcMemoryPersistence() -> k
    java.lang.Iterable getMutationQueues() -> l
    com.google.firebase.firestore.local.MemoryRemoteDocumentCache getRemoteDocumentCache() -> m
    com.google.firebase.firestore.local.MemoryTargetCache getTargetCache() -> n