build/app/outputs/mapping/release/usage.txt
com.google.api.DocumentationRuleOrBuilder
com.google.protobuf.Utf8$Processor:
    private static int partialIsValidUtf8(java.nio.ByteBuffer,int,int)
    final boolean isValidUtf8(java.nio.ByteBuffer,int,int)
    final int partialIsValidUtf8(int,java.nio.ByteBuffer,int,int)
    abstract int partialIsValidUtf8Direct(int,java.nio.ByteBuffer,int,int)
    final int partialIsValidUtf8Default(int,java.nio.ByteBuffer,int,int)
    final java.lang.String decodeUtf8(java.nio.ByteBuffer,int,int)
    abstract java.lang.String decodeUtf8Direct(java.nio.ByteBuffer,int,int)
    final java.lang.String decodeUtf8Default(java.nio.ByteBuffer,int,int)
    final void encodeUtf8(java.lang.CharSequence,java.nio.ByteBuffer)
    abstract void encodeUtf8Direct(java.lang.CharSequence,java.nio.ByteBuffer)
    final void encodeUtf8Default(java.lang.CharSequence,java.nio.ByteBuffer)
com.google.protobuf.Any$Builder:
    public java.lang.String getTypeUrl()
    public com.google.protobuf.ByteString getTypeUrlBytes()
    public com.google.protobuf.Any$Builder setTypeUrl(java.lang.String)
    public com.google.protobuf.Any$Builder clearTypeUrl()
    public com.google.protobuf.Any$Builder setTypeUrlBytes(com.google.protobuf.ByteString)
    public com.google.protobuf.ByteString getValue()
    public com.google.protobuf.Any$Builder setValue(com.google.protobuf.ByteString)
    public com.google.protobuf.Any$Builder clearValue()
com.google.rpc.context.AttributeContext$Response
com.google.common.base.SmallCharMatcher
com.google.rpc.BadRequest$Builder
com.google.firebase.installations.R$integer
com.google.firebase.components.ComponentRuntime:
    public varargs void <init>(java.util.concurrent.Executor,java.lang.Iterable,com.google.firebase.components.Component[])
    private static java.lang.Iterable toProviders(java.lang.Iterable)
    static synthetic com.google.firebase.components.ComponentRegistrar lambda$toProviders$1(com.google.firebase.components.ComponentRegistrar)
    public com.google.firebase.inject.Deferred getDeferred(java.lang.Class)
    public void discoverComponents()
    public void initializeAllComponentsForTests()
kotlin.coroutines.CoroutineContext$Key
com.google.protobuf.CodedOutputStream$OutputStreamEncoder:
    public void writeByteArray(int,byte[])
    public void writeByteArray(int,byte[],int,int)
    public void writeByteBuffer(int,java.nio.ByteBuffer)
    public void writeRawBytes(java.nio.ByteBuffer)
    public void write(java.nio.ByteBuffer)
    public void writeLazy(java.nio.ByteBuffer)
javax.annotation.Syntax
com.google.rpc.PreconditionFailure
com.google.common.util.concurrent.GwtFuturesCatchingSpecialization
com.google.common.collect.ArrayTable$Row
com.google.protobuf.TypeProto
com.google.common.collect.HashBiMap$EntryForKey
com.google.android.gms.common.util.HttpUtils
com.google.gson.internal.bind.TypeAdapters$5
com.google.android.gms.common.stats.StatsEvent
kotlin.ranges.URangesKt___URangesKt
com.google.common.collect.Interners$InternerFunction
com.google.android.gms.common.data.BitmapTeleporter
com.google.protobuf.DurationOrBuilder
com.google.firebase.auth.FirebaseAuthProvider
com.google.android.gms.common.api.internal.RegisterListenerMethod:
    protected void <init>(com.google.android.gms.common.api.internal.ListenerHolder)
    protected void <init>(com.google.android.gms.common.api.internal.ListenerHolder,com.google.android.gms.common.Feature[],boolean)
    public com.google.android.gms.common.api.internal.ListenerHolder$ListenerKey getListenerKey()
    private final com.google.android.gms.common.api.internal.ListenerHolder zaju
    private final com.google.android.gms.common.Feature[] zajv
    private final boolean zajw
com.google.android.gms.common.util.AndroidUtilsLight:
    public void <init>()
    public static android.content.Context getDeviceProtectedStorageContext(android.content.Context)
com.google.firebase.firestore.model.package-info
io.grpc.internal.FailingClientTransport$1